<?xml version="1.0" encoding="UTF-8"?>
<coverage generated="1671104921473" clover="3.2.0">
  <project timestamp="1671104921473" name="All files">
    <metrics statements="10" coveredstatements="6" conditionals="0" coveredconditionals="0" methods="5" coveredmethods="2" elements="15" coveredelements="8" complexity="0" loc="10" ncloc="10" packages="1" files="2" classes="2"/>
    <file name="class-todo-test.js" path="/home/utsargoroy/to-do-list/src/modules/class-todo-test.js">
      <metrics statements="9" coveredstatements="5" conditionals="0" coveredconditionals="0" methods="5" coveredmethods="2"/>
      <line num="3" count="1" type="stmt"/>
      <line num="6" count="1" type="stmt"/>
      <line num="7" count="1" type="stmt"/>
      <line num="8" count="1" type="stmt"/>
      <line num="11" count="1" type="stmt"/>
      <line num="12" count="0" type="stmt"/>
      <line num="13" count="0" type="stmt"/>
      <line num="14" count="0" type="stmt"/>
      <line num="16" count="0" type="stmt"/>
    </file>
    <file name="data-test.js" path="/home/utsargoroy/to-do-list/src/modules/data-test.js">
      <metrics statements="1" coveredstatements="1" conditionals="0" coveredconditionals="0" methods="0" coveredmethods="0"/>
      <line num="3" count="1" type="stmt"/>
    </file>
  </project>
</coverage>
