<?xml version="1.0" encoding="UTF-8"?>
<coverage generated="1671112580143" clover="3.2.0">
  <project timestamp="1671112580143" name="All files">
    <metrics statements="24" coveredstatements="19" conditionals="6" coveredconditionals="3" methods="10" coveredmethods="6" elements="40" coveredelements="28" complexity="0" loc="24" ncloc="24" packages="1" files="2" classes="2"/>
    <file name="class-todo-test.js" path="/home/utsargoroy/to-do-list/src/modules/class-todo-test.js">
      <metrics statements="23" coveredstatements="18" conditionals="6" coveredconditionals="3" methods="10" coveredmethods="6"/>
      <line num="3" count="1" type="stmt"/>
      <line num="6" count="1" type="stmt"/>
      <line num="7" count="1" type="stmt"/>
      <line num="8" count="1" type="stmt"/>
      <line num="10" count="1" type="stmt"/>
      <line num="11" count="1" type="cond" truecount="1" falsecount="1"/>
      <line num="12" count="1" type="stmt"/>
      <line num="13" count="1" type="stmt"/>
      <line num="15" count="1" type="stmt"/>
      <line num="16" count="0" type="stmt"/>
      <line num="17" count="0" type="stmt"/>
      <line num="18" count="0" type="stmt"/>
      <line num="20" count="0" type="stmt"/>
      <line num="22" count="1" type="stmt"/>
      <line num="23" count="1" type="cond" truecount="1" falsecount="1"/>
      <line num="25" count="1" type="stmt"/>
      <line num="27" count="1" type="stmt"/>
      <line num="29" count="1" type="stmt"/>
      <line num="30" count="1" type="cond" truecount="1" falsecount="1"/>
      <line num="31" count="1" type="stmt"/>
      <line num="32" count="1" type="stmt"/>
      <line num="33" count="0" type="stmt"/>
      <line num="35" count="1" type="stmt"/>
    </file>
    <file name="data-test.js" path="/home/utsargoroy/to-do-list/src/modules/data-test.js">
      <metrics statements="1" coveredstatements="1" conditionals="0" coveredconditionals="0" methods="0" coveredmethods="0"/>
      <line num="3" count="1" type="stmt"/>
    </file>
  </project>
</coverage>
