{"/home/utsargoroy/to-do-list/src/modules/class-todo-test.js": {"path":"/home/utsargoroy/to-do-list/src/modules/class-todo-test.js","statementMap":{"0":{"start":{"line":3,"column":4},"end":{"line":3,"column":19}},"1":{"start":{"line":6,"column":12},"end":{"line":9,"column":3}},"2":{"start":{"line":7,"column":4},"end":{"line":7,"column":31}},"3":{"start":{"line":8,"column":4},"end":{"line":8,"column":67}},"4":{"start":{"line":11,"column":15},"end":{"line":17,"column":3}},"5":{"start":{"line":12,"column":4},"end":{"line":12,"column":71}},"6":{"start":{"line":12,"column":46},"end":{"line":12,"column":69}},"7":{"start":{"line":13,"column":4},"end":{"line":15,"column":7}},"8":{"start":{"line":14,"column":6},"end":{"line":14,"column":53}},"9":{"start":{"line":16,"column":4},"end":{"line":16,"column":67}}},"fnMap":{"0":{"name":"(anonymous_0)","decl":{"start":{"line":2,"column":2},"end":{"line":2,"column":3}},"loc":{"start":{"line":2,"column":16},"end":{"line":4,"column":3}},"line":2},"1":{"name":"(anonymous_1)","decl":{"start":{"line":6,"column":12},"end":{"line":6,"column":13}},"loc":{"start":{"line":6,"column":28},"end":{"line":9,"column":3}},"line":6},"2":{"name":"(anonymous_2)","decl":{"start":{"line":11,"column":15},"end":{"line":11,"column":16}},"loc":{"start":{"line":11,"column":26},"end":{"line":17,"column":3}},"line":11},"3":{"name":"(anonymous_3)","decl":{"start":{"line":12,"column":33},"end":{"line":12,"column":34}},"loc":{"start":{"line":12,"column":46},"end":{"line":12,"column":69}},"line":12},"4":{"name":"(anonymous_4)","decl":{"start":{"line":13,"column":22},"end":{"line":13,"column":23}},"loc":{"start":{"line":13,"column":35},"end":{"line":15,"column":5}},"line":13}},"branchMap":{},"s":{"0":1,"1":1,"2":1,"3":1,"4":1,"5":0,"6":0,"7":0,"8":0,"9":0},"f":{"0":1,"1":1,"2":0,"3":0,"4":0},"b":{},"_coverageSchema":"1a1c01bbd47fc00a2c39e90264f33305004495a9","hash":"69f39f6b8afe19685cf1abecc1ce89f0efb8c198"}
,"/home/utsargoroy/to-do-list/src/modules/data-test.js": {"path":"/home/utsargoroy/to-do-list/src/modules/data-test.js","statementMap":{"0":{"start":{"line":3,"column":18},"end":{"line":3,"column":32}}},"fnMap":{},"branchMap":{},"s":{"0":1},"f":{},"b":{},"_coverageSchema":"1a1c01bbd47fc00a2c39e90264f33305004495a9","hash":"c41e0e23994e628520e35c291ae0fcb7ff23f33f"}
}
