{"/home/utsargoroy/to-do-list/src/modules/class-todo-test.js": {"path":"/home/utsargoroy/to-do-list/src/modules/class-todo-test.js","statementMap":{"0":{"start":{"line":3,"column":4},"end":{"line":3,"column":19}},"1":{"start":{"line":6,"column":12},"end":{"line":9,"column":3}},"2":{"start":{"line":7,"column":4},"end":{"line":7,"column":31}},"3":{"start":{"line":8,"column":4},"end":{"line":8,"column":67}},"4":{"start":{"line":10,"column":13},"end":{"line":14,"column":3}},"5":{"start":{"line":11,"column":22},"end":{"line":11,"column":77}},"6":{"start":{"line":12,"column":4},"end":{"line":12,"column":46}},"7":{"start":{"line":13,"column":4},"end":{"line":13,"column":67}},"8":{"start":{"line":15,"column":15},"end":{"line":21,"column":3}},"9":{"start":{"line":16,"column":4},"end":{"line":16,"column":71}},"10":{"start":{"line":16,"column":46},"end":{"line":16,"column":69}},"11":{"start":{"line":17,"column":4},"end":{"line":19,"column":7}},"12":{"start":{"line":18,"column":6},"end":{"line":18,"column":53}},"13":{"start":{"line":20,"column":4},"end":{"line":20,"column":67}},"14":{"start":{"line":22,"column":18},"end":{"line":28,"column":3}},"15":{"start":{"line":23,"column":4},"end":{"line":23,"column":72}},"16":{"start":{"line":25,"column":4},"end":{"line":25,"column":42}},"17":{"start":{"line":27,"column":4},"end":{"line":27,"column":67}},"18":{"start":{"line":29,"column":13},"end":{"line":36,"column":3}},"19":{"start":{"line":30,"column":17},"end":{"line":30,"column":72}},"20":{"start":{"line":31,"column":20},"end":{"line":31,"column":73}},"21":{"start":{"line":31,"column":45},"end":{"line":31,"column":72}},"22":{"start":{"line":32,"column":4},"end":{"line":34,"column":7}},"23":{"start":{"line":33,"column":6},"end":{"line":33,"column":51}},"24":{"start":{"line":35,"column":4},"end":{"line":35,"column":65}}},"fnMap":{"0":{"name":"(anonymous_0)","decl":{"start":{"line":2,"column":2},"end":{"line":2,"column":3}},"loc":{"start":{"line":2,"column":16},"end":{"line":4,"column":3}},"line":2},"1":{"name":"(anonymous_1)","decl":{"start":{"line":6,"column":12},"end":{"line":6,"column":13}},"loc":{"start":{"line":6,"column":28},"end":{"line":9,"column":3}},"line":6},"2":{"name":"(anonymous_2)","decl":{"start":{"line":10,"column":13},"end":{"line":10,"column":14}},"loc":{"start":{"line":10,"column":32},"end":{"line":14,"column":3}},"line":10},"3":{"name":"(anonymous_3)","decl":{"start":{"line":15,"column":15},"end":{"line":15,"column":16}},"loc":{"start":{"line":15,"column":26},"end":{"line":21,"column":3}},"line":15},"4":{"name":"(anonymous_4)","decl":{"start":{"line":16,"column":33},"end":{"line":16,"column":34}},"loc":{"start":{"line":16,"column":46},"end":{"line":16,"column":69}},"line":16},"5":{"name":"(anonymous_5)","decl":{"start":{"line":17,"column":22},"end":{"line":17,"column":23}},"loc":{"start":{"line":17,"column":35},"end":{"line":19,"column":5}},"line":17},"6":{"name":"(anonymous_6)","decl":{"start":{"line":22,"column":18},"end":{"line":22,"column":19}},"loc":{"start":{"line":22,"column":29},"end":{"line":28,"column":3}},"line":22},"7":{"name":"(anonymous_7)","decl":{"start":{"line":29,"column":13},"end":{"line":29,"column":14}},"loc":{"start":{"line":29,"column":19},"end":{"line":36,"column":3}},"line":29},"8":{"name":"(anonymous_8)","decl":{"start":{"line":31,"column":32},"end":{"line":31,"column":33}},"loc":{"start":{"line":31,"column":45},"end":{"line":31,"column":72}},"line":31},"9":{"name":"(anonymous_9)","decl":{"start":{"line":32,"column":20},"end":{"line":32,"column":21}},"loc":{"start":{"line":32,"column":33},"end":{"line":34,"column":5}},"line":32}},"branchMap":{"0":{"loc":{"start":{"line":11,"column":54},"end":{"line":11,"column":75}},"type":"binary-expr","locations":[{"start":{"line":11,"column":54},"end":{"line":11,"column":67}},{"start":{"line":11,"column":71},"end":{"line":11,"column":75}}],"line":11},"1":{"loc":{"start":{"line":23,"column":48},"end":{"line":23,"column":69}},"type":"binary-expr","locations":[{"start":{"line":23,"column":48},"end":{"line":23,"column":61}},{"start":{"line":23,"column":65},"end":{"line":23,"column":69}}],"line":23},"2":{"loc":{"start":{"line":30,"column":49},"end":{"line":30,"column":70}},"type":"binary-expr","locations":[{"start":{"line":30,"column":49},"end":{"line":30,"column":62}},{"start":{"line":30,"column":66},"end":{"line":30,"column":70}}],"line":30}},"s":{"0":1,"1":1,"2":1,"3":1,"4":1,"5":1,"6":1,"7":1,"8":1,"9":0,"10":0,"11":0,"12":0,"13":0,"14":1,"15":1,"16":1,"17":1,"18":1,"19":1,"20":1,"21":1,"22":1,"23":0,"24":1},"f":{"0":1,"1":1,"2":1,"3":0,"4":0,"5":0,"6":1,"7":1,"8":1,"9":0},"b":{"0":[1,0],"1":[1,0],"2":[1,0]},"_coverageSchema":"1a1c01bbd47fc00a2c39e90264f33305004495a9","hash":"585038dba479dc9ea7862f9356215b15cdb52998"}
,"/home/utsargoroy/to-do-list/src/modules/data-test.js": {"path":"/home/utsargoroy/to-do-list/src/modules/data-test.js","statementMap":{"0":{"start":{"line":3,"column":18},"end":{"line":3,"column":32}}},"fnMap":{},"branchMap":{},"s":{"0":1},"f":{},"b":{},"_coverageSchema":"1a1c01bbd47fc00a2c39e90264f33305004495a9","hash":"c41e0e23994e628520e35c291ae0fcb7ff23f33f"}
}
